<?xml version="1.0" encoding="UTF-8"?>
<!-- Generated by org.testng.reporters.JUnitXMLReporter -->
<testsuite ignored="0" hostname="ResJammer" failures="1" tests="27" name="IdentifyCourses" time="354.851" errors="0" timestamp="2020-10-27T11:24:46 IST">
  <testcase classname="tests.TS_CourseSearch" name="TC_SearchTextBox" time="0.966"/>
  <testcase classname="tests.TS_CourseSearch" name="TC_SearchButtonClickable" time="3.195"/>
  <testcase classname="tests.TS_CourseSearch" name="TC_FilterLanguage" time="4.412"/>
  <testcase classname="tests.TS_CourseSearch" name="TC_FilterLevel" time="2.047"/>
  <testcase classname="tests.TS_CourseSearch" name="TC_CourseAvailability" time="0.164"/>
  <testcase classname="tests.TS_CourseSearch" name="TC_CourseDuration" time="5.173"/>
  <testcase classname="tests.TS_Filter" name="languagesDisplayed" time="10.06"/>
  <testcase classname="tests.TS_Filter" name="extractLanguageDetails" time="1.898"/>
  <testcase classname="tests.TS_Filter" name="levelsDisplayed" time="0.79"/>
  <testcase classname="tests.TS_Filter" name="extractLevelsDetails" time="0.177"/>
  <testcase classname="tests.TS_FormFillupValid" name="TC_validData" time="21.453">
    <failure type="java.lang.NullPointerException">
      <![CDATA[java.lang.NullPointerException
at utilities.Input.ReadExcelData(Input.java:40)
at functionalities.FormFillingFunctionality.setFormValues(FormFillingFunctionality.java:89)
at tests.TS_FormFillupValid.TC_validData(TS_FormFillupValid.java:21)
at java.base/java.util.ArrayList.forEach(ArrayList.java:1541)
... Removed 30 stack frames]]>
    </failure>
  </testcase> <!-- TC_validData -->
  <testcase classname="tests.TS_FormFillupInvalid" name="TC_InvalidEmail" time="27.859"/>
  <testcase classname="tests.TS_FormFillupInvalid" name="TC_noData1" time="12.735"/>
  <testcase classname="tests.TS_FormFillupInvalid" name="TC_wrongData" time="12.815"/>
  <testcase classname="tests.TS_FormFillupInvalid" name="TC_noData2" time="12.909"/>
  <testcase classname="tests.TS_FormFillupInvalid" name="TC_noData3" time="14.092"/>
  <testcase classname="tests.TS_FormFillupInvalid" name="TC_noData4" time="12.541"/>
  <testcase classname="tests.TS_FormFillupInvalid" name="TC_noData5" time="12.192"/>
  <testcase classname="tests.TS_FormFillupInvalid" name="TC_noData6" time="13.434"/>
  <testcase classname="tests.TS_FormFillupInvalid" name="TC_noData7" time="13.2"/>
  <testcase classname="tests.TS_FormFillupInvalid" name="TC_noData8" time="12.437"/>
  <testcase classname="tests.TS_FormFillupInvalid" name="TC_noData9" time="12.234"/>
  <testcase classname="tests.TS_FormFillupInvalid" name="TC_noData10" time="12.432"/>
  <testcase classname="tests.TS_FormFillupInvalid" name="TC_noData11" time="12.214"/>
  <testcase classname="tests.TS_FormFillupInvalid" name="TC_noData12" time="12.377"/>
  <testcase classname="tests.TS_FormFillupInvalid" name="TC_noData13" time="12.617"/>
  <testcase classname="tests.TS_FormFillupInvalid" name="TC_click1" time="5.848"/>
</testsuite> <!-- IdentifyCourses -->
