<?xml version="1.0" encoding="UTF-8"?>
<testng-results ignored="0" total="27" passed="26" failed="1" skipped="0">
  <reporter-output>
  </reporter-output>
  <suite started-at="2020-10-27T11:18:51 IST" name="Hackathon" finished-at="2020-10-27T11:24:45 IST" duration-ms="354851">
    <groups>
    </groups>
    <test started-at="2020-10-27T11:18:51 IST" name="IdentifyCourses" finished-at="2020-10-27T11:24:45 IST" duration-ms="354851">
      <class name="tests.TS_CourseSearch">
        <test-method is-config="true" signature="TC_initiateCourse()[pri:0, instance:tests.TS_CourseSearch@3eb25e1a]" started-at="2020-10-27T11:18:51 IST" name="TC_initiateCourse" finished-at="2020-10-27T11:18:51 IST" duration-ms="17" status="PASS">
          <reporter-output>
          </reporter-output>
        </test-method> <!-- TC_initiateCourse -->
        <test-method is-config="true" signature="openWebsite()[pri:0, instance:tests.TS_CourseSearch@3eb25e1a]" started-at="2020-10-27T11:18:51 IST" name="openWebsite" finished-at="2020-10-27T11:19:11 IST" duration-ms="19928" status="PASS">
          <reporter-output>
          </reporter-output>
        </test-method> <!-- openWebsite -->
        <test-method signature="TC_SearchTextBox()[pri:1, instance:tests.TS_CourseSearch@3eb25e1a]" started-at="2020-10-27T11:19:11 IST" name="TC_SearchTextBox" finished-at="2020-10-27T11:19:12 IST" duration-ms="966" status="PASS">
          <reporter-output>
          </reporter-output>
        </test-method> <!-- TC_SearchTextBox -->
        <test-method signature="TC_SearchButtonClickable()[pri:2, instance:tests.TS_CourseSearch@3eb25e1a]" started-at="2020-10-27T11:19:12 IST" name="TC_SearchButtonClickable" finished-at="2020-10-27T11:19:16 IST" duration-ms="3195" status="PASS">
          <reporter-output>
          </reporter-output>
        </test-method> <!-- TC_SearchButtonClickable -->
        <test-method signature="TC_FilterLanguage()[pri:3, instance:tests.TS_CourseSearch@3eb25e1a]" started-at="2020-10-27T11:19:16 IST" name="TC_FilterLanguage" finished-at="2020-10-27T11:19:21 IST" duration-ms="4412" status="PASS">
          <reporter-output>
          </reporter-output>
        </test-method> <!-- TC_FilterLanguage -->
        <test-method signature="TC_FilterLevel()[pri:4, instance:tests.TS_CourseSearch@3eb25e1a]" started-at="2020-10-27T11:19:21 IST" name="TC_FilterLevel" finished-at="2020-10-27T11:19:23 IST" duration-ms="2047" status="PASS">
          <reporter-output>
          </reporter-output>
        </test-method> <!-- TC_FilterLevel -->
        <test-method signature="TC_CourseAvailability()[pri:5, instance:tests.TS_CourseSearch@3eb25e1a]" started-at="2020-10-27T11:19:23 IST" name="TC_CourseAvailability" finished-at="2020-10-27T11:19:23 IST" duration-ms="164" status="PASS">
          <reporter-output>
          </reporter-output>
        </test-method> <!-- TC_CourseAvailability -->
        <test-method signature="TC_CourseDuration()[pri:6, instance:tests.TS_CourseSearch@3eb25e1a]" started-at="2020-10-27T11:19:23 IST" name="TC_CourseDuration" finished-at="2020-10-27T11:19:29 IST" duration-ms="5173" status="PASS">
          <reporter-output>
          </reporter-output>
        </test-method> <!-- TC_CourseDuration -->
        <test-method is-config="true" signature="exitBrowser()[pri:0, instance:tests.TS_CourseSearch@3eb25e1a]" started-at="2020-10-27T11:19:29 IST" name="exitBrowser" finished-at="2020-10-27T11:19:32 IST" duration-ms="3400" status="PASS">
          <reporter-output>
          </reporter-output>
        </test-method> <!-- exitBrowser -->
      </class> <!-- tests.TS_CourseSearch -->
      <class name="tests.TS_Filter">
        <test-method is-config="true" signature="TC_initiateClasses()[pri:0, instance:tests.TS_Filter@477b4cdf]" started-at="2020-10-27T11:18:51 IST" name="TC_initiateClasses" finished-at="2020-10-27T11:18:51 IST" duration-ms="3" status="PASS">
          <reporter-output>
          </reporter-output>
        </test-method> <!-- TC_initiateClasses -->
        <test-method is-config="true" signature="openWebsite()[pri:0, instance:tests.TS_Filter@477b4cdf]" started-at="2020-10-27T11:19:32 IST" name="openWebsite" finished-at="2020-10-27T11:19:49 IST" duration-ms="17299" status="PASS">
          <reporter-output>
          </reporter-output>
        </test-method> <!-- openWebsite -->
        <test-method signature="languagesDisplayed()[pri:1, instance:tests.TS_Filter@477b4cdf]" started-at="2020-10-27T11:19:49 IST" name="languagesDisplayed" finished-at="2020-10-27T11:20:00 IST" duration-ms="10060" status="PASS">
          <reporter-output>
          </reporter-output>
        </test-method> <!-- languagesDisplayed -->
        <test-method signature="extractLanguageDetails()[pri:2, instance:tests.TS_Filter@477b4cdf]" started-at="2020-10-27T11:20:00 IST" name="extractLanguageDetails" finished-at="2020-10-27T11:20:02 IST" duration-ms="1898" status="PASS">
          <reporter-output>
          </reporter-output>
        </test-method> <!-- extractLanguageDetails -->
        <test-method signature="levelsDisplayed()[pri:3, instance:tests.TS_Filter@477b4cdf]" started-at="2020-10-27T11:20:02 IST" name="levelsDisplayed" finished-at="2020-10-27T11:20:02 IST" duration-ms="790" status="PASS">
          <reporter-output>
          </reporter-output>
        </test-method> <!-- levelsDisplayed -->
        <test-method signature="extractLevelsDetails()[pri:4, instance:tests.TS_Filter@477b4cdf]" started-at="2020-10-27T11:20:03 IST" name="extractLevelsDetails" finished-at="2020-10-27T11:20:03 IST" duration-ms="177" status="PASS">
          <reporter-output>
          </reporter-output>
        </test-method> <!-- extractLevelsDetails -->
        <test-method is-config="true" signature="exitBrowser()[pri:0, instance:tests.TS_Filter@477b4cdf]" started-at="2020-10-27T11:20:03 IST" name="exitBrowser" finished-at="2020-10-27T11:20:06 IST" duration-ms="3295" status="PASS">
          <reporter-output>
          </reporter-output>
        </test-method> <!-- exitBrowser -->
      </class> <!-- tests.TS_Filter -->
      <class name="tests.TS_FormFillupInvalid">
        <test-method is-config="true" signature="openWebsite()[pri:0, instance:tests.TS_FormFillupInvalid@f5958c9]" started-at="2020-10-27T11:20:52 IST" name="openWebsite" finished-at="2020-10-27T11:21:07 IST" duration-ms="14848" status="PASS">
          <reporter-output>
          </reporter-output>
        </test-method> <!-- openWebsite -->
        <test-method signature="TC_InvalidEmail()[pri:1, instance:tests.TS_FormFillupInvalid@f5958c9]" started-at="2020-10-27T11:21:07 IST" name="TC_InvalidEmail" finished-at="2020-10-27T11:21:35 IST" duration-ms="27859" status="PASS">
          <reporter-output>
          </reporter-output>
        </test-method> <!-- TC_InvalidEmail -->
        <test-method signature="TC_noData1()[pri:2, instance:tests.TS_FormFillupInvalid@f5958c9]" started-at="2020-10-27T11:21:35 IST" name="TC_noData1" finished-at="2020-10-27T11:21:48 IST" duration-ms="12735" status="PASS">
          <reporter-output>
          </reporter-output>
        </test-method> <!-- TC_noData1 -->
        <test-method signature="TC_wrongData()[pri:3, instance:tests.TS_FormFillupInvalid@f5958c9]" started-at="2020-10-27T11:21:48 IST" name="TC_wrongData" finished-at="2020-10-27T11:22:01 IST" duration-ms="12815" status="PASS">
          <reporter-output>
          </reporter-output>
        </test-method> <!-- TC_wrongData -->
        <test-method signature="TC_noData2()[pri:4, instance:tests.TS_FormFillupInvalid@f5958c9]" started-at="2020-10-27T11:22:01 IST" name="TC_noData2" finished-at="2020-10-27T11:22:14 IST" duration-ms="12909" status="PASS">
          <reporter-output>
          </reporter-output>
        </test-method> <!-- TC_noData2 -->
        <test-method signature="TC_noData3()[pri:5, instance:tests.TS_FormFillupInvalid@f5958c9]" started-at="2020-10-27T11:22:14 IST" name="TC_noData3" finished-at="2020-10-27T11:22:28 IST" duration-ms="14092" status="PASS">
          <reporter-output>
          </reporter-output>
        </test-method> <!-- TC_noData3 -->
        <test-method signature="TC_noData4()[pri:6, instance:tests.TS_FormFillupInvalid@f5958c9]" started-at="2020-10-27T11:22:28 IST" name="TC_noData4" finished-at="2020-10-27T11:22:41 IST" duration-ms="12541" status="PASS">
          <reporter-output>
          </reporter-output>
        </test-method> <!-- TC_noData4 -->
        <test-method signature="TC_noData5()[pri:7, instance:tests.TS_FormFillupInvalid@f5958c9]" started-at="2020-10-27T11:22:41 IST" name="TC_noData5" finished-at="2020-10-27T11:22:53 IST" duration-ms="12192" status="PASS">
          <reporter-output>
          </reporter-output>
        </test-method> <!-- TC_noData5 -->
        <test-method signature="TC_noData6()[pri:8, instance:tests.TS_FormFillupInvalid@f5958c9]" started-at="2020-10-27T11:22:53 IST" name="TC_noData6" finished-at="2020-10-27T11:23:07 IST" duration-ms="13434" status="PASS">
          <reporter-output>
          </reporter-output>
        </test-method> <!-- TC_noData6 -->
        <test-method signature="TC_noData7()[pri:9, instance:tests.TS_FormFillupInvalid@f5958c9]" started-at="2020-10-27T11:23:07 IST" name="TC_noData7" finished-at="2020-10-27T11:23:20 IST" duration-ms="13200" status="PASS">
          <reporter-output>
          </reporter-output>
        </test-method> <!-- TC_noData7 -->
        <test-method signature="TC_noData8()[pri:10, instance:tests.TS_FormFillupInvalid@f5958c9]" started-at="2020-10-27T11:23:20 IST" name="TC_noData8" finished-at="2020-10-27T11:23:32 IST" duration-ms="12437" status="PASS">
          <reporter-output>
          </reporter-output>
        </test-method> <!-- TC_noData8 -->
        <test-method signature="TC_noData9()[pri:11, instance:tests.TS_FormFillupInvalid@f5958c9]" started-at="2020-10-27T11:23:32 IST" name="TC_noData9" finished-at="2020-10-27T11:23:45 IST" duration-ms="12234" status="PASS">
          <reporter-output>
          </reporter-output>
        </test-method> <!-- TC_noData9 -->
        <test-method signature="TC_noData10()[pri:12, instance:tests.TS_FormFillupInvalid@f5958c9]" started-at="2020-10-27T11:23:45 IST" name="TC_noData10" finished-at="2020-10-27T11:23:57 IST" duration-ms="12432" status="PASS">
          <reporter-output>
          </reporter-output>
        </test-method> <!-- TC_noData10 -->
        <test-method signature="TC_noData11()[pri:13, instance:tests.TS_FormFillupInvalid@f5958c9]" started-at="2020-10-27T11:23:57 IST" name="TC_noData11" finished-at="2020-10-27T11:24:10 IST" duration-ms="12214" status="PASS">
          <reporter-output>
          </reporter-output>
        </test-method> <!-- TC_noData11 -->
        <test-method signature="TC_noData12()[pri:14, instance:tests.TS_FormFillupInvalid@f5958c9]" started-at="2020-10-27T11:24:10 IST" name="TC_noData12" finished-at="2020-10-27T11:24:22 IST" duration-ms="12377" status="PASS">
          <reporter-output>
          </reporter-output>
        </test-method> <!-- TC_noData12 -->
        <test-method signature="TC_noData13()[pri:15, instance:tests.TS_FormFillupInvalid@f5958c9]" started-at="2020-10-27T11:24:22 IST" name="TC_noData13" finished-at="2020-10-27T11:24:35 IST" duration-ms="12617" status="PASS">
          <reporter-output>
          </reporter-output>
        </test-method> <!-- TC_noData13 -->
        <test-method signature="TC_click1()[pri:16, instance:tests.TS_FormFillupInvalid@f5958c9]" started-at="2020-10-27T11:24:35 IST" name="TC_click1" finished-at="2020-10-27T11:24:41 IST" duration-ms="5848" status="PASS">
          <reporter-output>
          </reporter-output>
        </test-method> <!-- TC_click1 -->
        <test-method is-config="true" signature="exitBrowser()[pri:0, instance:tests.TS_FormFillupInvalid@f5958c9]" started-at="2020-10-27T11:24:41 IST" name="exitBrowser" finished-at="2020-10-27T11:24:45 IST" duration-ms="4804" status="PASS">
          <reporter-output>
          </reporter-output>
        </test-method> <!-- exitBrowser -->
      </class> <!-- tests.TS_FormFillupInvalid -->
      <class name="tests.TS_FormFillupValid">
        <test-method is-config="true" signature="TC_initiateCourse()[pri:0, instance:tests.TS_FormFillupValid@77c2494c]" started-at="2020-10-27T11:18:51 IST" name="TC_initiateCourse" finished-at="2020-10-27T11:18:51 IST" duration-ms="1" status="PASS">
          <reporter-output>
          </reporter-output>
        </test-method> <!-- TC_initiateCourse -->
        <test-method is-config="true" signature="openWebsite()[pri:0, instance:tests.TS_FormFillupValid@77c2494c]" started-at="2020-10-27T11:20:06 IST" name="openWebsite" finished-at="2020-10-27T11:20:26 IST" duration-ms="20163" status="PASS">
          <reporter-output>
          </reporter-output>
        </test-method> <!-- openWebsite -->
        <test-method signature="TC_validData()[pri:1, instance:tests.TS_FormFillupValid@77c2494c]" started-at="2020-10-27T11:20:26 IST" name="TC_validData" finished-at="2020-10-27T11:20:48 IST" duration-ms="21453" status="FAIL">
          <exception class="java.lang.NullPointerException">
            <full-stacktrace>
              <![CDATA[java.lang.NullPointerException
at utilities.Input.ReadExcelData(Input.java:40)
at functionalities.FormFillingFunctionality.setFormValues(FormFillingFunctionality.java:89)
at tests.TS_FormFillupValid.TC_validData(TS_FormFillupValid.java:21)
at java.base/jdk.internal.reflect.NativeMethodAccessorImpl.invoke0(Native Method)
at java.base/jdk.internal.reflect.NativeMethodAccessorImpl.invoke(NativeMethodAccessorImpl.java:62)
at java.base/jdk.internal.reflect.DelegatingMethodAccessorImpl.invoke(DelegatingMethodAccessorImpl.java:43)
at java.base/java.lang.reflect.Method.invoke(Method.java:566)
at org.testng.internal.MethodInvocationHelper.invokeMethod(MethodInvocationHelper.java:133)
at org.testng.internal.TestInvoker.invokeMethod(TestInvoker.java:584)
at org.testng.internal.TestInvoker.invokeTestMethod(TestInvoker.java:172)
at org.testng.internal.MethodRunner.runInSequence(MethodRunner.java:46)
at org.testng.internal.TestInvoker$MethodInvocationAgent.invoke(TestInvoker.java:804)
at org.testng.internal.TestInvoker.invokeTestMethods(TestInvoker.java:145)
at org.testng.internal.TestMethodWorker.invokeTestMethods(TestMethodWorker.java:146)
at org.testng.internal.TestMethodWorker.run(TestMethodWorker.java:128)
at java.base/java.util.ArrayList.forEach(ArrayList.java:1541)
at org.testng.TestRunner.privateRun(TestRunner.java:770)
at org.testng.TestRunner.run(TestRunner.java:591)
at org.testng.SuiteRunner.runTest(SuiteRunner.java:402)
at org.testng.SuiteRunner.runSequentially(SuiteRunner.java:396)
at org.testng.SuiteRunner.privateRun(SuiteRunner.java:355)
at org.testng.SuiteRunner.run(SuiteRunner.java:304)
at org.testng.SuiteRunnerWorker.runSuite(SuiteRunnerWorker.java:53)
at org.testng.SuiteRunnerWorker.run(SuiteRunnerWorker.java:96)
at org.testng.TestNG.runSuitesSequentially(TestNG.java:1180)
at org.testng.TestNG.runSuitesLocally(TestNG.java:1102)
at org.testng.TestNG.runSuites(TestNG.java:1032)
at org.testng.TestNG.run(TestNG.java:1000)
at org.apache.maven.surefire.testng.TestNGExecutor.run(TestNGExecutor.java:281)
at org.apache.maven.surefire.testng.TestNGXmlTestSuite.execute(TestNGXmlTestSuite.java:75)
at org.apache.maven.surefire.testng.TestNGProvider.invoke(TestNGProvider.java:121)
at org.apache.maven.surefire.booter.ForkedBooter.invokeProviderInSameClassLoader(ForkedBooter.java:290)
at org.apache.maven.surefire.booter.ForkedBooter.runSuitesInProcess(ForkedBooter.java:242)
at org.apache.maven.surefire.booter.ForkedBooter.main(ForkedBooter.java:121)
]]>
            </full-stacktrace>
          </exception> <!-- java.lang.NullPointerException -->
          <reporter-output>
          </reporter-output>
        </test-method> <!-- TC_validData -->
        <test-method is-config="true" signature="exitBrowser()[pri:0, instance:tests.TS_FormFillupValid@77c2494c]" started-at="2020-10-27T11:20:48 IST" name="exitBrowser" finished-at="2020-10-27T11:20:52 IST" duration-ms="4589" status="PASS">
          <reporter-output>
          </reporter-output>
        </test-method> <!-- exitBrowser -->
      </class> <!-- tests.TS_FormFillupValid -->
    </test> <!-- IdentifyCourses -->
  </suite> <!-- Hackathon -->
</testng-results>
