<?xml version="1.0" encoding="UTF-8"?>
<testsuite xmlns:xsi="http://www.w3.org/2001/XMLSchema-instance" xsi:schemaLocation="https://maven.apache.org/surefire/maven-surefire-plugin/xsd/surefire-test-report.xsd" name="TestSuite" time="357.427" tests="27" errors="0" skipped="0" failures="1">
  <properties>
[...]
</properties>
  <testcase name="TC_SearchTextBox" classname="tests.TS_CourseSearch" time="1.416"/>
  <testcase name="TC_SearchButtonClickable" classname="tests.TS_CourseSearch" time="4.045"/>
  <testcase name="TC_FilterLanguage" classname="tests.TS_CourseSearch" time="4.576"/>
  <testcase name="TC_FilterLevel" classname="tests.TS_CourseSearch" time="2.18"/>
  <testcase name="TC_CourseAvailability" classname="tests.TS_CourseSearch" time="0.292"/>
  <testcase name="TC_CourseDuration" classname="tests.TS_CourseSearch" time="5.333"/>
  <testcase name="languagesDisplayed" classname="tests.TS_Filter" time="10.193"/>
  <testcase name="extractLanguageDetails" classname="tests.TS_Filter" time="2"/>
  <testcase name="levelsDisplayed" classname="tests.TS_Filter" time="0.927"/>
  <testcase name="extractLevelsDetails" classname="tests.TS_Filter" time="0.314"/>
  <testcase name="TC_validData" classname="tests.TS_FormFillupValid" time="21.465">
    <failure type="java.lang.NullPointerException">java.lang.NullPointerException
	at tests.TS_FormFillupValid.TC_validData(TS_FormFillupValid.java:21)
</failure>
    <system-out><![CDATA[Browser selected: firefox

To change browser selection Go-To README File
]]></system-out>
    <system-err><![CDATA[1603777803394	Marionette	INFO	Stopped listening on port 20634

###!!! [Child][RunMessage] Error: Channel closing: too late to send/recv, messages will be lost


###!!! [Child][MessageChannel::SendAndWait] Error: Channel error: cannot send/recv

1603777806765	geckodriver	INFO	Listening on 127.0.0.1:41981
1603777807273	mozrunner::runner	INFO	Running command: "C:\\Program Files\\Mozilla Firefox\\firefox.exe" "--marionette" "-foreground" "-no-remote" "-profile" "C:\\Users\\Arijit\\AppData\\Local\\Temp\\rust_mozprofileN7seIP"
Can't find symbol 'eglSwapBuffersWithDamageEXT'.
JavaScript error: resource://gre/modules/XULStore.jsm, line 66: Error: Can't find profile directory.
console.error: SearchCache: "_readCacheFile: Error reading cache file:" (new Error("", "(unknown module)"))
1603777812332	Marionette	INFO	Listening on port 20804
1603777812490	Marionette	WARN	TLS certificate errors will be ignored for this session
Oct 27, 2020 11:20:12 AM org.openqa.selenium.remote.ProtocolHandshake createSession
INFO: Detected dialect: W3C
Can't find symbol 'eglSwapBuffersWithDamageEXT'.
JavaScript error: https://www.coursera.org/, line 265: ChunkLoadError: Loading chunk 14 failed.
(error: https://d3njjcbhbojbot.cloudfront.net/webapps/r2-builds/front-page/en.14.3e8ec74e5471ae0c1108.js)
JavaScript error: https://abrtp1-cdn.marketo.com/rtp-api/v1/rtp.js?aid=coursera, line 5: TypeError: aj[aG].getTracker() is undefined
JavaScript error: https://www.coursera.org/campus/?utm_campaign=website&utm_content=product-dropdown-coursera-for-campus&utm_medium=coursera&utm_source=enterprise, line 703: ReferenceError: MktoForms2 is not defined
JavaScript error: https://abrtp1-cdn.marketo.com/rtp-api/v1/rtp.js?aid=coursera, line 5: TypeError: aj[aG].getTracker() is undefined
JavaScript error: resource://gre/modules/XULStore.jsm, line 66: Error: Can't find profile directory.
JavaScript error: resource://gre/modules/XULStore.jsm, line 66: Error: Can't find profile directory.
JavaScript error: https://149343988.v2.pressablecdn.com/wp-content/themes/marketing-wordpress-themes/c4c/js/footer-scripts.js?ver=0.3.5, line 112: uncaught exception: SimpleDTO: Message receive preflight failed, origin: https://www.coursera.org and https://na-ab23.marketo.com cannot exchange messages
]]></system-err>
  </testcase>
  <testcase name="TC_InvalidEmail" classname="tests.TS_FormFillupInvalid" time="27.939"/>
  <testcase name="TC_noData1" classname="tests.TS_FormFillupInvalid" time="12.815"/>
  <testcase name="TC_wrongData" classname="tests.TS_FormFillupInvalid" time="12.922"/>
  <testcase name="TC_noData2" classname="tests.TS_FormFillupInvalid" time="12.991"/>
  <testcase name="TC_noData3" classname="tests.TS_FormFillupInvalid" time="14.202"/>
  <testcase name="TC_noData4" classname="tests.TS_FormFillupInvalid" time="12.663"/>
  <testcase name="TC_noData5" classname="tests.TS_FormFillupInvalid" time="12.298"/>
  <testcase name="TC_noData6" classname="tests.TS_FormFillupInvalid" time="13.546"/>
  <testcase name="TC_noData7" classname="tests.TS_FormFillupInvalid" time="13.286"/>
  <testcase name="TC_noData8" classname="tests.TS_FormFillupInvalid" time="12.516"/>
  <testcase name="TC_noData9" classname="tests.TS_FormFillupInvalid" time="12.342"/>
  <testcase name="TC_noData10" classname="tests.TS_FormFillupInvalid" time="12.506"/>
  <testcase name="TC_noData11" classname="tests.TS_FormFillupInvalid" time="12.292"/>
  <testcase name="TC_noData12" classname="tests.TS_FormFillupInvalid" time="12.451"/>
  <testcase name="TC_noData13" classname="tests.TS_FormFillupInvalid" time="12.698"/>
  <testcase name="TC_click1" classname="tests.TS_FormFillupInvalid" time="5.931"/>
</testsuite>