<?xml version="1.0" encoding="UTF-8"?>
<testng-results skipped="0" failed="0" ignored="0" total="16" passed="16">
  <reporter-output>
  </reporter-output>
  <suite name="Default suite" duration-ms="323152" started-at="2020-10-27T10:42:36 IST" finished-at="2020-10-27T10:47:59 IST">
    <groups>
    </groups>
    <test name="Default test" duration-ms="323152" started-at="2020-10-27T10:42:36 IST" finished-at="2020-10-27T10:47:59 IST">
      <class name="tests.TS_FormFillupInvalid">
        <test-method status="PASS" signature="openWebsite()[pri:0, instance:tests.TS_FormFillupInvalid@34cd072c]" name="openWebsite" is-config="true" duration-ms="25148" started-at="2020-10-27T10:42:36 IST" finished-at="2020-10-27T10:43:01 IST">
          <reporter-output>
          </reporter-output>
        </test-method> <!-- openWebsite -->
        <test-method status="PASS" signature="TC_InvalidEmail()[pri:1, instance:tests.TS_FormFillupInvalid@34cd072c]" name="TC_InvalidEmail" duration-ms="88628" started-at="2020-10-27T10:43:01 IST" finished-at="2020-10-27T10:44:30 IST">
          <reporter-output>
          </reporter-output>
        </test-method> <!-- TC_InvalidEmail -->
        <test-method status="PASS" signature="TC_noData1()[pri:2, instance:tests.TS_FormFillupInvalid@34cd072c]" name="TC_noData1" duration-ms="15040" started-at="2020-10-27T10:44:30 IST" finished-at="2020-10-27T10:44:45 IST">
          <reporter-output>
          </reporter-output>
        </test-method> <!-- TC_noData1 -->
        <test-method status="PASS" signature="TC_wrongData()[pri:3, instance:tests.TS_FormFillupInvalid@34cd072c]" name="TC_wrongData" duration-ms="12822" started-at="2020-10-27T10:44:45 IST" finished-at="2020-10-27T10:44:58 IST">
          <reporter-output>
          </reporter-output>
        </test-method> <!-- TC_wrongData -->
        <test-method status="PASS" signature="TC_noData2()[pri:4, instance:tests.TS_FormFillupInvalid@34cd072c]" name="TC_noData2" duration-ms="18298" started-at="2020-10-27T10:44:58 IST" finished-at="2020-10-27T10:45:16 IST">
          <reporter-output>
          </reporter-output>
        </test-method> <!-- TC_noData2 -->
        <test-method status="PASS" signature="TC_noData3()[pri:5, instance:tests.TS_FormFillupInvalid@34cd072c]" name="TC_noData3" duration-ms="12520" started-at="2020-10-27T10:45:16 IST" finished-at="2020-10-27T10:45:29 IST">
          <reporter-output>
          </reporter-output>
        </test-method> <!-- TC_noData3 -->
        <test-method status="PASS" signature="TC_noData4()[pri:6, instance:tests.TS_FormFillupInvalid@34cd072c]" name="TC_noData4" duration-ms="17700" started-at="2020-10-27T10:45:29 IST" finished-at="2020-10-27T10:45:46 IST">
          <reporter-output>
          </reporter-output>
        </test-method> <!-- TC_noData4 -->
        <test-method status="PASS" signature="TC_noData5()[pri:7, instance:tests.TS_FormFillupInvalid@34cd072c]" name="TC_noData5" duration-ms="12932" started-at="2020-10-27T10:45:46 IST" finished-at="2020-10-27T10:45:59 IST">
          <reporter-output>
          </reporter-output>
        </test-method> <!-- TC_noData5 -->
        <test-method status="PASS" signature="TC_noData6()[pri:8, instance:tests.TS_FormFillupInvalid@34cd072c]" name="TC_noData6" duration-ms="16949" started-at="2020-10-27T10:45:59 IST" finished-at="2020-10-27T10:46:16 IST">
          <reporter-output>
          </reporter-output>
        </test-method> <!-- TC_noData6 -->
        <test-method status="PASS" signature="TC_noData7()[pri:9, instance:tests.TS_FormFillupInvalid@34cd072c]" name="TC_noData7" duration-ms="12534" started-at="2020-10-27T10:46:16 IST" finished-at="2020-10-27T10:46:29 IST">
          <reporter-output>
          </reporter-output>
        </test-method> <!-- TC_noData7 -->
        <test-method status="PASS" signature="TC_noData8()[pri:10, instance:tests.TS_FormFillupInvalid@34cd072c]" name="TC_noData8" duration-ms="18436" started-at="2020-10-27T10:46:29 IST" finished-at="2020-10-27T10:46:47 IST">
          <reporter-output>
          </reporter-output>
        </test-method> <!-- TC_noData8 -->
        <test-method status="PASS" signature="TC_noData9()[pri:11, instance:tests.TS_FormFillupInvalid@34cd072c]" name="TC_noData9" duration-ms="10404" started-at="2020-10-27T10:46:47 IST" finished-at="2020-10-27T10:46:58 IST">
          <reporter-output>
          </reporter-output>
        </test-method> <!-- TC_noData9 -->
        <test-method status="PASS" signature="TC_noData10()[pri:12, instance:tests.TS_FormFillupInvalid@34cd072c]" name="TC_noData10" duration-ms="12215" started-at="2020-10-27T10:46:58 IST" finished-at="2020-10-27T10:47:10 IST">
          <reporter-output>
          </reporter-output>
        </test-method> <!-- TC_noData10 -->
        <test-method status="PASS" signature="TC_noData11()[pri:13, instance:tests.TS_FormFillupInvalid@34cd072c]" name="TC_noData11" duration-ms="23783" started-at="2020-10-27T10:47:10 IST" finished-at="2020-10-27T10:47:34 IST">
          <reporter-output>
          </reporter-output>
        </test-method> <!-- TC_noData11 -->
        <test-method status="PASS" signature="TC_noData12()[pri:14, instance:tests.TS_FormFillupInvalid@34cd072c]" name="TC_noData12" duration-ms="10014" started-at="2020-10-27T10:47:34 IST" finished-at="2020-10-27T10:47:44 IST">
          <reporter-output>
          </reporter-output>
        </test-method> <!-- TC_noData12 -->
        <test-method status="PASS" signature="TC_noData13()[pri:15, instance:tests.TS_FormFillupInvalid@34cd072c]" name="TC_noData13" duration-ms="10645" started-at="2020-10-27T10:47:44 IST" finished-at="2020-10-27T10:47:54 IST">
          <reporter-output>
          </reporter-output>
        </test-method> <!-- TC_noData13 -->
        <test-method status="PASS" signature="TC_click1()[pri:16, instance:tests.TS_FormFillupInvalid@34cd072c]" name="TC_click1" duration-ms="3987" started-at="2020-10-27T10:47:54 IST" finished-at="2020-10-27T10:47:58 IST">
          <reporter-output>
          </reporter-output>
        </test-method> <!-- TC_click1 -->
        <test-method status="PASS" signature="exitBrowser()[pri:0, instance:tests.TS_FormFillupInvalid@34cd072c]" name="exitBrowser" is-config="true" duration-ms="1011" started-at="2020-10-27T10:47:58 IST" finished-at="2020-10-27T10:47:59 IST">
          <reporter-output>
          </reporter-output>
        </test-method> <!-- exitBrowser -->
      </class> <!-- tests.TS_FormFillupInvalid -->
    </test> <!-- Default test -->
  </suite> <!-- Default suite -->
</testng-results>
